<?xml version="1.0" encoding="UTF-8"?>
<!-- Generated by org.testng.reporters.JUnitReportReporter -->
<testsuite hostname="Shraddha" failures="0" tests="1" name="Selenium_Challenge$SeleniumChallenge" time="12.478" errors="0" timestamp="2024-09-14T16:53:54 IST" skipped="0">
  <testcase classname="Selenium_Challenge$SeleniumChallenge" name="testInit" time="12.478"/>
</testsuite> <!-- Selenium_Challenge$SeleniumChallenge -->
