<?xml version="1.0" encoding="UTF-8"?>
<!-- Generated by org.testng.reporters.JUnitReportReporter -->
<testsuite hostname="Shraddha" failures="0" tests="1" name="com.AutomationExercise.Tests.SignUpLoginTest" time="8.627" errors="0" timestamp="2025-10-08T12:12:08 IST" skipped="0">
  <testcase classname="com.AutomationExercise.Tests.SignUpLoginTest" name="SignUptest" time="8.627"/>
</testsuite> <!-- com.AutomationExercise.Tests.SignUpLoginTest -->
